{
  "stats": {
    "suites": 1,
    "tests": 7,
    "passes": 6,
    "pending": 0,
    "failures": 1,
    "start": "2022-10-07T20:55:49.506Z",
    "end": "2022-10-07T20:55:55.214Z",
    "duration": 5708,
    "testsRegistered": 7,
    "passPercent": 85.71428571428571,
    "pendingPercent": 0,
    "other": 0,
    "hasOther": false,
    "skipped": 0,
    "hasSkipped": false
  },
  "results": [
    {
      "uuid": "d82f068b-586e-4912-b5b6-4cdf9ef52dfd",
      "title": "",
      "fullFile": "cypress\\integration\\project.spec.js",
      "file": "cypress\\integration\\project.spec.js",
      "beforeHooks": [],
      "afterHooks": [],
      "tests": [],
      "suites": [
        {
          "uuid": "e9f71ec8-3043-44de-8cb5-f651301d7695",
          "title": "2 - Adicione à página uma paleta de quatro cores distintas.",
          "fullFile": "",
          "file": "",
          "beforeHooks": [],
          "afterHooks": [],
          "tests": [
            {
              "title": "A paleta de cores deve ser um elemento com `id` denominado `color-palette`",
              "fullTitle": "2 - Adicione à página uma paleta de quatro cores distintas. A paleta de cores deve ser um elemento com `id` denominado `color-palette`",
              "timedOut": null,
              "duration": 286,
              "state": "passed",
              "speed": "slow",
              "pass": true,
              "fail": false,
              "pending": false,
              "context": null,
              "code": "cy.get('#color-palette').should('be.visible');",
              "err": {},
              "uuid": "8c063671-7ad7-44cc-85bd-7c3c30c0d050",
              "parentUUID": "e9f71ec8-3043-44de-8cb5-f651301d7695",
              "isHook": false,
              "skipped": false
            },
            {
              "title": "Verifica se cada cor individual da paleta de cores possui a `classe` chamada `color`.",
              "fullTitle": "2 - Adicione à página uma paleta de quatro cores distintas. Verifica se cada cor individual da paleta de cores possui a `classe` chamada `color`.",
              "timedOut": null,
              "duration": 127,
              "state": "passed",
              "speed": "slow",
              "pass": true,
              "fail": false,
              "pending": false,
              "context": null,
              "code": "cy.get('.color').should('have.length', 4).then(function (colors) {\n  for (var i = 0; i < colors.length; i++) {\n    cy.wrap(colors[i]).should('be.visible');\n  }\n});",
              "err": {},
              "uuid": "b128fadc-c3f1-4727-9f9d-0361f76e62e6",
              "parentUUID": "e9f71ec8-3043-44de-8cb5-f651301d7695",
              "isHook": false,
              "skipped": false
            },
            {
              "title": "Verifica se a cor de fundo de cada elemento da paleta é a cor que o elemento representa. **A única cor não permitida na paleta é a cor branca.**",
              "fullTitle": "2 - Adicione à página uma paleta de quatro cores distintas. Verifica se a cor de fundo de cada elemento da paleta é a cor que o elemento representa. **A única cor não permitida na paleta é a cor branca.**",
              "timedOut": null,
              "duration": 133,
              "state": "passed",
              "speed": "slow",
              "pass": true,
              "fail": false,
              "pending": false,
              "context": null,
              "code": "cy.get('.color').each(function (color) {\n  cy.wrap(color).should('have.class', 'color').and('not.have.css', 'background-color', WHITE);\n  cy.wrap(color).should('have.css', 'background-color');\n});",
              "err": {},
              "uuid": "1b1f7f26-6c80-4110-b8a6-654964232918",
              "parentUUID": "e9f71ec8-3043-44de-8cb5-f651301d7695",
              "isHook": false,
              "skipped": false
            },
            {
              "title": "Verifica se cada elemento da paleta de cores tem uma borda preta, sólida e com 1 pixel de largura;",
              "fullTitle": "2 - Adicione à página uma paleta de quatro cores distintas. Verifica se cada elemento da paleta de cores tem uma borda preta, sólida e com 1 pixel de largura;",
              "timedOut": null,
              "duration": 136,
              "state": "passed",
              "speed": "slow",
              "pass": true,
              "fail": false,
              "pending": false,
              "context": null,
              "code": "cy.get('.color').each(function (color) {\n  cy.wrap(color).and('have.css', 'border', \"1px solid \".concat(BLACK)).and('have.class', 'color');\n});",
              "err": {},
              "uuid": "b0948f71-226f-4314-81fe-3219e2d6a1bc",
              "parentUUID": "e9f71ec8-3043-44de-8cb5-f651301d7695",
              "isHook": false,
              "skipped": false
            },
            {
              "title": "Verifica se a paleta lista todas as cores disponíveis para utilização, lado a lado.",
              "fullTitle": "2 - Adicione à página uma paleta de quatro cores distintas. Verifica se a paleta lista todas as cores disponíveis para utilização, lado a lado.",
              "timedOut": null,
              "duration": 4548,
              "state": "failed",
              "speed": null,
              "pass": false,
              "fail": true,
              "pending": false,
              "context": null,
              "code": "cy.get('.color').then(function (colors) {\n  for (var index = 1; index < colors.length; index += 1) {\n    var currentColor = colors[index];\n    var previousColor = colors[index - 1];\n    cy.wrap(currentColor).should('be.onTheRightOf', previousColor).and('be.horizontallyAlignedWith', previousColor);\n  }\n});",
              "err": {
                "message": "CypressError: Timed out retrying: expected '<div.color>' to be on the right of <div class=\"color selected\" style=\"background-color: rgb(0,0,0);\"></div>",
                "estack": "CypressError: Timed out retrying: expected '<div.color>' to be on the right of <div class=\"color selected\" style=\"background-color: rgb(0,0,0);\"></div>\n    at cypressErr (http://localhost:59314/__cypress/runner/cypress_runner.js:149934:9)\n    at throwErr (http://localhost:59314/__cypress/runner/cypress_runner.js:149867:11)\n    at Object.throwErrByPath (http://localhost:59314/__cypress/runner/cypress_runner.js:149915:3)\n    at retry (http://localhost:59314/__cypress/runner/cypress_runner.js:144197:19)\n    at onFailFn (http://localhost:59314/__cypress/runner/cypress_runner.js:132448:16)\n    at tryCatcher (http://localhost:59314/__cypress/runner/cypress_runner.js:167415:23)\n    at Promise._settlePromiseFromHandler (http://localhost:59314/__cypress/runner/cypress_runner.js:165351:31)\n    at Promise._settlePromise (http://localhost:59314/__cypress/runner/cypress_runner.js:165408:18)\n    at Promise._settlePromise0 (http://localhost:59314/__cypress/runner/cypress_runner.js:165453:10)\n    at Promise._settlePromises (http://localhost:59314/__cypress/runner/cypress_runner.js:165528:18)\n    at Async../node_modules/bluebird/js/release/async.js.Async._drainQueue (http://localhost:59314/__cypress/runner/cypress_runner.js:162140:16)\n    at Async../node_modules/bluebird/js/release/async.js.Async._drainQueues (http://localhost:59314/__cypress/runner/cypress_runner.js:162150:10)\n    at Async.drainQueues (http://localhost:59314/__cypress/runner/cypress_runner.js:162024:14)",
                "diff": null
              },
              "uuid": "2b1ea2ce-6b19-4ca7-a426-5e4802436049",
              "parentUUID": "e9f71ec8-3043-44de-8cb5-f651301d7695",
              "isHook": false,
              "skipped": false
            },
            {
              "title": "Verifica se a paleta de cores está posicionada abaixo do título 'Paleta de Cores'",
              "fullTitle": "2 - Adicione à página uma paleta de quatro cores distintas. Verifica se a paleta de cores está posicionada abaixo do título 'Paleta de Cores'",
              "timedOut": null,
              "duration": 189,
              "state": "passed",
              "speed": "slow",
              "pass": true,
              "fail": false,
              "pending": false,
              "context": null,
              "code": "cy.get('h1#title').then(function (title) {\n  cy.get('#color-palette').should('be.belowOf', title);\n});",
              "err": {},
              "uuid": "16bdb352-c275-4255-b446-d86340501792",
              "parentUUID": "e9f71ec8-3043-44de-8cb5-f651301d7695",
              "isHook": false,
              "skipped": false
            },
            {
              "title": "Verifica se a paleta de cores não contém cores repetidas.",
              "fullTitle": "2 - Adicione à página uma paleta de quatro cores distintas. Verifica se a paleta de cores não contém cores repetidas.",
              "timedOut": null,
              "duration": 178,
              "state": "passed",
              "speed": "slow",
              "pass": true,
              "fail": false,
              "pending": false,
              "context": null,
              "code": "cy.get('.color').then(function (colors) {\n  var allColors = Array.from(colors).map(function (color) {\n    return Cypress.$(color).css('background-color');\n  });\n  cy.log(allColors);\n  var uniqColors = (0, _toConsumableArray2[\"default\"])(new Set(allColors));\n  cy.log(uniqColors);\n  expect(allColors.length).to.eq(uniqColors.length);\n});",
              "err": {},
              "uuid": "6471930e-bc44-45ca-9d00-02a74e7790c3",
              "parentUUID": "e9f71ec8-3043-44de-8cb5-f651301d7695",
              "isHook": false,
              "skipped": false
            }
          ],
          "suites": [],
          "passes": [
            "8c063671-7ad7-44cc-85bd-7c3c30c0d050",
            "b128fadc-c3f1-4727-9f9d-0361f76e62e6",
            "1b1f7f26-6c80-4110-b8a6-654964232918",
            "b0948f71-226f-4314-81fe-3219e2d6a1bc",
            "16bdb352-c275-4255-b446-d86340501792",
            "6471930e-bc44-45ca-9d00-02a74e7790c3"
          ],
          "failures": [
            "2b1ea2ce-6b19-4ca7-a426-5e4802436049"
          ],
          "pending": [],
          "skipped": [],
          "duration": 5597,
          "root": false,
          "rootEmpty": false,
          "_timeout": 2000
        }
      ],
      "passes": [],
      "failures": [],
      "pending": [],
      "skipped": [],
      "duration": 0,
      "root": true,
      "rootEmpty": true,
      "_timeout": 2000
    }
  ],
  "meta": {
    "mocha": {
      "version": "7.0.1"
    },
    "mochawesome": {
      "options": {
        "quiet": false,
        "reportFilename": "mochawesome",
        "saveHtml": false,
        "saveJson": true,
        "consoleReporter": "spec",
        "useInlineDiffs": false
      },
      "version": "4.1.0"
    },
    "marge": {
      "options": {
        "id": "default",
        "reportDir": "cypress/reports",
        "overwrite": true,
        "html": false,
        "json": true
      },
      "version": "4.1.0"
    }
  }
}